# JRE version: OpenJDK Runtime Environment Microsoft-11933218 (21.0.8+9) (build 21.0.8+9-LTS)
# Java VM: OpenJDK 64-Bit Server VM Microsoft-11933218 (21.0.8+9-LTS, mixed mode, sharing, tiered, compressed oops, compressed class ptrs, g1 gc, windows-amd64)
GC Precious Log:
 CardTable entry size: 512
 Card Set container configuration: InlinePtr #cards 4 size 8 Array Of Cards #cards 32 size 80 Howl #buckets 8 coarsen threshold 7372 Howl Bitmap #cards 1024 size 144 coarsen threshold 921 Card regions per heap region 1 cards per card region 8192
 CPUs: 8 total, 8 available
 Memory: 24310M
 Large Page Support: Disabled
 NUMA Support: Disabled
 Compressed Oops: Enabled (Zero based)
 Heap Region Size: 4M
 Heap Min Capacity: 8M
 Heap Initial Capacity: 380M
 Heap Max Capacity: 6080M
 Pre-touch: Disabled
 Parallel Workers: 8
 Concurrent Workers: 2
 Concurrent Refinement Workers: 8
 Periodic GC: Disabled
Heap:
 garbage-first heap   total 81920K, used 52662K [0x0000000684000000, 0x0000000800000000)
  region size 4096K, 10 young (40960K), 2 survivors (8192K)
 Metaspace       used 57319K, committed 58112K, reserved 1114112K
  class space    used 7726K, committed 8064K, reserved 1048576K
GC Heap History (20 events):
Event: 0.482 GC heap before
{Heap before GC invocations=0 (full 0):
 garbage-first heap   total 389120K, used 20480K [0x0000000684000000, 0x0000000800000000)
  region size 4096K, 5 young (20480K), 0 survivors (0K)
 Metaspace       used 4064K, committed 4224K, reserved 1114112K
  class space    used 430K, committed 512K, reserved 1048576K
}
Event: 0.486 GC heap after
{Heap after GC invocations=1 (full 0):
 garbage-first heap   total 389120K, used 7008K [0x0000000684000000, 0x0000000800000000)
  region size 4096K, 1 young (4096K), 1 survivors (4096K)
 Metaspace       used 4064K, committed 4224K, reserved 1114112K
  class space    used 430K, committed 512K, reserved 1048576K
}
Event: 0.762 GC heap before
{Heap before GC invocations=1 (full 0):
 garbage-first heap   total 389120K, used 19296K [0x0000000684000000, 0x0000000800000000)
  region size 4096K, 4 young (16384K), 1 survivors (4096K)
 Metaspace       used 7234K, committed 7424K, reserved 1114112K
  class space    used 865K, committed 960K, reserved 1048576K
}
Event: 0.764 GC heap after
{Heap after GC invocations=2 (full 0):
 garbage-first heap   total 389120K, used 8261K [0x0000000684000000, 0x0000000800000000)
  region size 4096K, 1 young (4096K), 1 survivors (4096K)
 Metaspace       used 7234K, committed 7424K, reserved 1114112K
  class space    used 865K, committed 960K, reserved 1048576K
}
Event: 1.414 GC heap before
{Heap before GC invocations=2 (full 0):
 garbage-first heap   total 389120K, used 53317K [0x0000000684000000, 0x0000000800000000)
  region size 4096K, 13 young (53248K), 1 survivors (4096K)
 Metaspace       used 18974K, committed 19328K, reserved 1114112K
  class space    used 2402K, committed 2560K, reserved 1048576K
}
Event: 1.418 GC heap after
{Heap after GC invocations=3 (full 0):
 garbage-first heap   total 389120K, used 12238K [0x0000000684000000, 0x0000000800000000)
  region size 4096K, 2 young (8192K), 2 survivors (8192K)
 Metaspace       used 18974K, committed 19328K, reserved 1114112K
  class space    used 2402K, committed 2560K, reserved 1048576K
}
Event: 1.650 GC heap before
{Heap before GC invocations=3 (full 0):
 garbage-first heap   total 389120K, used 28622K [0x0000000684000000, 0x0000000800000000)
  region size 4096K, 7 young (28672K), 2 survivors (8192K)
 Metaspace       used 21244K, committed 21504K, reserved 1114112K
  class space    used 2691K, committed 2816K, reserved 1048576K
}
Event: 1.654 GC heap after
{Heap after GC invocations=4 (full 0):
 garbage-first heap   total 389120K, used 14053K [0x0000000684000000, 0x0000000800000000)
  region size 4096K, 2 young (8192K), 2 survivors (8192K)
 Metaspace       used 21244K, committed 21504K, reserved 1114112K
  class space    used 2691K, committed 2816K, reserved 1048576K
}
Event: 2.144 GC heap before
{Heap before GC invocations=5 (full 0):
 garbage-first heap   total 57344K, used 38629K [0x0000000684000000, 0x0000000800000000)
  region size 4096K, 8 young (32768K), 2 survivors (8192K)
 Metaspace       used 23496K, committed 23808K, reserved 1114112K
  class space    used 2986K, committed 3136K, reserved 1048576K
}
Event: 2.149 GC heap after
{Heap after GC invocations=6 (full 0):
 garbage-first heap   total 57344K, used 15131K [0x0000000684000000, 0x0000000800000000)
  region size 4096K, 1 young (4096K), 1 survivors (4096K)
 Metaspace       used 23496K, committed 23808K, reserved 1114112K
  class space    used 2986K, committed 3136K, reserved 1048576K
}
Event: 2.725 GC heap before
{Heap before GC invocations=6 (full 0):
 garbage-first heap   total 57344K, used 39707K [0x0000000684000000, 0x0000000800000000)
  region size 4096K, 7 young (28672K), 1 survivors (4096K)
 Metaspace       used 28289K, committed 28672K, reserved 1114112K
  class space    used 3680K, committed 3840K, reserved 1048576K
}
Event: 2.733 GC heap after
{Heap after GC invocations=7 (full 0):
 garbage-first heap   total 57344K, used 17013K [0x0000000684000000, 0x0000000800000000)
  region size 4096K, 1 young (4096K), 1 survivors (4096K)
 Metaspace       used 28289K, committed 28672K, reserved 1114112K
  class space    used 3680K, committed 3840K, reserved 1048576K
}
Event: 3.174 GC heap before
{Heap before GC invocations=7 (full 0):
 garbage-first heap   total 57344K, used 41589K [0x0000000684000000, 0x0000000800000000)
  region size 4096K, 7 young (28672K), 1 survivors (4096K)
 Metaspace       used 33644K, committed 34112K, reserved 1114112K
  class space    used 4450K, committed 4672K, reserved 1048576K
}
Event: 3.184 GC heap after
{Heap after GC invocations=8 (full 0):
 garbage-first heap   total 57344K, used 19232K [0x0000000684000000, 0x0000000800000000)
  region size 4096K, 1 young (4096K), 1 survivors (4096K)
 Metaspace       used 33644K, committed 34112K, reserved 1114112K
  class space    used 4450K, committed 4672K, reserved 1048576K
}
Event: 3.472 GC heap before
{Heap before GC invocations=8 (full 0):
 garbage-first heap   total 57344K, used 27424K [0x0000000684000000, 0x0000000800000000)
  region size 4096K, 4 young (16384K), 1 survivors (4096K)
 Metaspace       used 35580K, committed 35968K, reserved 1114112K
  class space    used 4696K, committed 4864K, reserved 1048576K
}
Event: 3.477 GC heap after
{Heap after GC invocations=9 (full 0):
 garbage-first heap   total 225280K, used 20403K [0x0000000684000000, 0x0000000800000000)
  region size 4096K, 1 young (4096K), 1 survivors (4096K)
 Metaspace       used 35580K, committed 35968K, reserved 1114112K
  class space    used 4696K, committed 4864K, reserved 1048576K
}
Event: 4.357 GC heap before
{Heap before GC invocations=10 (full 0):
 garbage-first heap   total 81920K, used 65459K [0x0000000684000000, 0x0000000800000000)
  region size 4096K, 12 young (49152K), 1 survivors (4096K)
 Metaspace       used 41117K, committed 41792K, reserved 1114112K
  class space    used 5481K, committed 5760K, reserved 1048576K
}
Event: 4.366 GC heap after
{Heap after GC invocations=11 (full 0):
 garbage-first heap   total 81920K, used 23663K [0x0000000684000000, 0x0000000800000000)
  region size 4096K, 2 young (8192K), 2 survivors (8192K)
 Metaspace       used 41117K, committed 41792K, reserved 1114112K
  class space    used 5481K, committed 5760K, reserved 1048576K
}
Event: 10.691 GC heap before
{Heap before GC invocations=11 (full 0):
 garbage-first heap   total 81920K, used 64623K [0x0000000684000000, 0x0000000800000000)
  region size 4096K, 12 young (49152K), 2 survivors (8192K)
 Metaspace       used 51165K, committed 51840K, reserved 1114112K
  class space    used 6806K, committed 7104K, reserved 1048576K
}
Event: 10.707 GC heap after
{Heap after GC invocations=12 (full 0):
 garbage-first heap   total 81920K, used 28086K [0x0000000684000000, 0x0000000800000000)
  region size 4096K, 2 young (8192K), 2 survivors (8192K)
 Metaspace       used 51165K, committed 51840K, reserved 1114112K
  class space    used 6806K, committed 7104K, reserved 1048576K
}

