# JRE version: OpenJDK Runtime Environment Microsoft-11933218 (21.0.8+9) (build 21.0.8+9-LTS)
# Java VM: OpenJDK 64-Bit Server VM Microsoft-11933218 (21.0.8+9-LTS, mixed mode, sharing, tiered, compressed oops, compressed class ptrs, g1 gc, windows-amd64)
GC Precious Log:
 CardTable entry size: 512
 Card Set container configuration: InlinePtr #cards 4 size 8 Array Of Cards #cards 32 size 80 Howl #buckets 8 coarsen threshold 7372 Howl Bitmap #cards 1024 size 144 coarsen threshold 921 Card regions per heap region 1 cards per card region 8192
 CPUs: 8 total, 8 available
 Memory: 24310M
 Large Page Support: Disabled
 NUMA Support: Disabled
 Compressed Oops: Enabled (Zero based)
 Heap Region Size: 4M
 Heap Min Capacity: 8M
 Heap Initial Capacity: 380M
 Heap Max Capacity: 6080M
 Pre-touch: Disabled
 Parallel Workers: 8
 Concurrent Workers: 2
 Concurrent Refinement Workers: 8
 Periodic GC: Disabled
Heap:
 garbage-first heap   total 86016K, used 33018K [0x0000000684000000, 0x0000000800000000)
  region size 4096K, 3 young (12288K), 2 survivors (8192K)
 Metaspace       used 57802K, committed 58624K, reserved 1114112K
  class space    used 7710K, committed 8064K, reserved 1048576K
GC Heap History (20 events):
Event: 0.771 GC heap before
{Heap before GC invocations=1 (full 0):
 garbage-first heap   total 389120K, used 19214K [0x0000000684000000, 0x0000000800000000)
  region size 4096K, 4 young (16384K), 1 survivors (4096K)
 Metaspace       used 7232K, committed 7424K, reserved 1114112K
  class space    used 865K, committed 960K, reserved 1048576K
}
Event: 0.774 GC heap after
{Heap after GC invocations=2 (full 0):
 garbage-first heap   total 389120K, used 8197K [0x0000000684000000, 0x0000000800000000)
  region size 4096K, 1 young (4096K), 1 survivors (4096K)
 Metaspace       used 7232K, committed 7424K, reserved 1114112K
  class space    used 865K, committed 960K, reserved 1048576K
}
Event: 1.405 GC heap before
{Heap before GC invocations=2 (full 0):
 garbage-first heap   total 389120K, used 53253K [0x0000000684000000, 0x0000000800000000)
  region size 4096K, 13 young (53248K), 1 survivors (4096K)
 Metaspace       used 18955K, committed 19264K, reserved 1114112K
  class space    used 2398K, committed 2560K, reserved 1048576K
}
Event: 1.409 GC heap after
{Heap after GC invocations=3 (full 0):
 garbage-first heap   total 389120K, used 12103K [0x0000000684000000, 0x0000000800000000)
  region size 4096K, 2 young (8192K), 2 survivors (8192K)
 Metaspace       used 18955K, committed 19264K, reserved 1114112K
  class space    used 2398K, committed 2560K, reserved 1048576K
}
Event: 1.617 GC heap before
{Heap before GC invocations=3 (full 0):
 garbage-first heap   total 389120K, used 24391K [0x0000000684000000, 0x0000000800000000)
  region size 4096K, 7 young (28672K), 2 survivors (8192K)
 Metaspace       used 21271K, committed 21504K, reserved 1114112K
  class space    used 2694K, committed 2816K, reserved 1048576K
}
Event: 1.620 GC heap after
{Heap after GC invocations=4 (full 0):
 garbage-first heap   total 389120K, used 13897K [0x0000000684000000, 0x0000000800000000)
  region size 4096K, 2 young (8192K), 2 survivors (8192K)
 Metaspace       used 21271K, committed 21504K, reserved 1114112K
  class space    used 2694K, committed 2816K, reserved 1048576K
}
Event: 1.975 GC heap before
{Heap before GC invocations=5 (full 0):
 garbage-first heap   total 57344K, used 38473K [0x0000000684000000, 0x0000000800000000)
  region size 4096K, 8 young (32768K), 2 survivors (8192K)
 Metaspace       used 23541K, committed 23808K, reserved 1114112K
  class space    used 2991K, committed 3136K, reserved 1048576K
}
Event: 1.981 GC heap after
{Heap after GC invocations=6 (full 0):
 garbage-first heap   total 57344K, used 15125K [0x0000000684000000, 0x0000000800000000)
  region size 4096K, 1 young (4096K), 1 survivors (4096K)
 Metaspace       used 23541K, committed 23808K, reserved 1114112K
  class space    used 2991K, committed 3136K, reserved 1048576K
}
Event: 2.511 GC heap before
{Heap before GC invocations=6 (full 0):
 garbage-first heap   total 57344K, used 39701K [0x0000000684000000, 0x0000000800000000)
  region size 4096K, 7 young (28672K), 1 survivors (4096K)
 Metaspace       used 28367K, committed 28736K, reserved 1114112K
  class space    used 3684K, committed 3840K, reserved 1048576K
}
Event: 2.518 GC heap after
{Heap after GC invocations=7 (full 0):
 garbage-first heap   total 57344K, used 17070K [0x0000000684000000, 0x0000000800000000)
  region size 4096K, 1 young (4096K), 1 survivors (4096K)
 Metaspace       used 28367K, committed 28736K, reserved 1114112K
  class space    used 3684K, committed 3840K, reserved 1048576K
}
Event: 2.925 GC heap before
{Heap before GC invocations=7 (full 0):
 garbage-first heap   total 57344K, used 41646K [0x0000000684000000, 0x0000000800000000)
  region size 4096K, 7 young (28672K), 1 survivors (4096K)
 Metaspace       used 33705K, committed 34240K, reserved 1114112K
  class space    used 4453K, committed 4672K, reserved 1048576K
}
Event: 2.935 GC heap after
{Heap after GC invocations=8 (full 0):
 garbage-first heap   total 57344K, used 19571K [0x0000000684000000, 0x0000000800000000)
  region size 4096K, 1 young (4096K), 1 survivors (4096K)
 Metaspace       used 33705K, committed 34240K, reserved 1114112K
  class space    used 4453K, committed 4672K, reserved 1048576K
}
Event: 3.158 GC heap before
{Heap before GC invocations=8 (full 0):
 garbage-first heap   total 57344K, used 27763K [0x0000000684000000, 0x0000000800000000)
  region size 4096K, 4 young (16384K), 1 survivors (4096K)
 Metaspace       used 35512K, committed 35968K, reserved 1114112K
  class space    used 4686K, committed 4864K, reserved 1048576K
}
Event: 3.163 GC heap after
{Heap after GC invocations=9 (full 0):
 garbage-first heap   total 225280K, used 20124K [0x0000000684000000, 0x0000000800000000)
  region size 4096K, 1 young (4096K), 1 survivors (4096K)
 Metaspace       used 35512K, committed 35968K, reserved 1114112K
  class space    used 4686K, committed 4864K, reserved 1048576K
}
Event: 3.962 GC heap before
{Heap before GC invocations=10 (full 0):
 garbage-first heap   total 81920K, used 65180K [0x0000000684000000, 0x0000000800000000)
  region size 4096K, 12 young (49152K), 1 survivors (4096K)
 Metaspace       used 41109K, committed 41728K, reserved 1114112K
  class space    used 5478K, committed 5760K, reserved 1048576K
}
Event: 3.970 GC heap after
{Heap after GC invocations=11 (full 0):
 garbage-first heap   total 81920K, used 23654K [0x0000000684000000, 0x0000000800000000)
  region size 4096K, 2 young (8192K), 2 survivors (8192K)
 Metaspace       used 41109K, committed 41728K, reserved 1114112K
  class space    used 5478K, committed 5760K, reserved 1048576K
}
Event: 13.130 GC heap before
{Heap before GC invocations=11 (full 0):
 garbage-first heap   total 81920K, used 60518K [0x0000000684000000, 0x0000000800000000)
  region size 4096K, 12 young (49152K), 2 survivors (8192K)
 Metaspace       used 50801K, committed 51520K, reserved 1114112K
  class space    used 6750K, committed 7040K, reserved 1048576K
}
Event: 13.142 GC heap after
{Heap after GC invocations=12 (full 0):
 garbage-first heap   total 81920K, used 27809K [0x0000000684000000, 0x0000000800000000)
  region size 4096K, 2 young (8192K), 2 survivors (8192K)
 Metaspace       used 50801K, committed 51520K, reserved 1114112K
  class space    used 6750K, committed 7040K, reserved 1048576K
}
Event: 364.833 GC heap before
{Heap before GC invocations=12 (full 0):
 garbage-first heap   total 81920K, used 68769K [0x0000000684000000, 0x0000000800000000)
  region size 4096K, 12 young (49152K), 2 survivors (8192K)
 Metaspace       used 57738K, committed 58560K, reserved 1114112K
  class space    used 7710K, committed 8064K, reserved 1048576K
}
Event: 364.849 GC heap after
{Heap after GC invocations=13 (full 0):
 garbage-first heap   total 86016K, used 33018K [0x0000000684000000, 0x0000000800000000)
  region size 4096K, 2 young (8192K), 2 survivors (8192K)
 Metaspace       used 57738K, committed 58560K, reserved 1114112K
  class space    used 7710K, committed 8064K, reserved 1048576K
}

